Started GET "/" for ::1 at 2020-08-08 18:38:42 +0530
Processing by ArticlesController#index as HTML
  Rendering articles/index.html.erb within layouts/application
  Rendered articles/index.html.erb within layouts/application (0.7ms)
Completed 200 OK in 165ms (Views: 155.7ms | ActiveRecord: 0.0ms)


Started GET "/" for ::1 at 2020-08-08 18:39:37 +0530
Processing by ArticlesController#index as HTML
  Rendering articles/index.html.erb within layouts/application
  Rendered articles/index.html.erb within layouts/application (235.7ms)
Completed 500 Internal Server Error in 242ms (ActiveRecord: 0.0ms)


  
ActionView::Template::Error (undefined local variable or method `new_article_path' for #<#<Class:0x00558941932bf8>:0x00558941795e30>):
    1: <%= link_to 'New Article', new_article_path %>
  
app/views/articles/index.html.erb:1:in `_app_views_articles_index_html_erb__1945081666289621356_47023997985660'
Started GET "/" for ::1 at 2020-08-08 18:41:26 +0530
Processing by ArticlesController#index as HTML
  Rendering articles/index.html.erb within layouts/application
  Rendered articles/index.html.erb within layouts/application (0.4ms)
Completed 200 OK in 14ms (Views: 13.5ms | ActiveRecord: 0.0ms)


Started GET "/" for ::1 at 2020-08-08 18:44:58 +0530
Processing by ArticlesController#index as HTML
  Rendering articles/index.html.erb within layouts/application
  Rendered articles/index.html.erb within layouts/application (0.4ms)
Completed 200 OK in 12ms (Views: 11.2ms | ActiveRecord: 0.0ms)


Started GET "/articles/new" for ::1 at 2020-08-08 18:45:00 +0530
Processing by ArticlesController#new as HTML
  Rendering articles/new.html.erb within layouts/application
  Rendered articles/new.html.erb within layouts/application (0.7ms)
Completed 200 OK in 40ms (Views: 37.4ms | ActiveRecord: 0.0ms)


  [1m[35m (0.1ms)[0m  [1m[34mSELECT sqlite_version(*)[0m
  ↳ /home/muhammed/.rvm/gems/ruby-2.4.1/bin/rake:23
  [1m[35m (907.2ms)[0m  [1m[35mCREATE TABLE "schema_migrations" ("version" varchar NOT NULL PRIMARY KEY)[0m
  ↳ /home/muhammed/.rvm/gems/ruby-2.4.1/bin/rake:23
  [1m[35m (174.9ms)[0m  [1m[35mCREATE TABLE "ar_internal_metadata" ("key" varchar NOT NULL PRIMARY KEY, "value" varchar, "created_at" datetime NOT NULL, "updated_at" datetime NOT NULL)[0m
  ↳ /home/muhammed/.rvm/gems/ruby-2.4.1/bin/rake:23
  [1m[35m (0.5ms)[0m  [1m[34mSELECT "schema_migrations"."version" FROM "schema_migrations" ORDER BY "schema_migrations"."version" ASC[0m
  ↳ /home/muhammed/.rvm/gems/ruby-2.4.1/bin/rake:23
Migrating to CreateArticles (20200808132224)
  [1m[35m (0.2ms)[0m  [1m[36mbegin transaction[0m
  ↳ /home/muhammed/.rvm/gems/ruby-2.4.1/bin/rake:23
  [1m[35m (1.1ms)[0m  [1m[35mCREATE TABLE "articles" ("id" integer PRIMARY KEY AUTOINCREMENT NOT NULL, "title" varchar, "body" text, "created_at" datetime NOT NULL, "updated_at" datetime NOT NULL)[0m
  ↳ db/migrate/20200808132224_create_articles.rb:3
  [1m[36mActiveRecord::SchemaMigration Create (0.7ms)[0m  [1m[32mINSERT INTO "schema_migrations" ("version") VALUES (?)[0m  [["version", "20200808132224"]]
  ↳ /home/muhammed/.rvm/gems/ruby-2.4.1/bin/rake:23
  [1m[35m (314.8ms)[0m  [1m[36mcommit transaction[0m
  ↳ /home/muhammed/.rvm/gems/ruby-2.4.1/bin/rake:23
  [1m[36mActiveRecord::InternalMetadata Load (0.5ms)[0m  [1m[34mSELECT  "ar_internal_metadata".* FROM "ar_internal_metadata" WHERE "ar_internal_metadata"."key" = ? LIMIT ?[0m  [["key", "environment"], ["LIMIT", 1]]
  ↳ /home/muhammed/.rvm/gems/ruby-2.4.1/bin/rake:23
  [1m[35m (0.1ms)[0m  [1m[36mbegin transaction[0m
  ↳ /home/muhammed/.rvm/gems/ruby-2.4.1/bin/rake:23
  [1m[36mActiveRecord::InternalMetadata Create (0.6ms)[0m  [1m[32mINSERT INTO "ar_internal_metadata" ("key", "value", "created_at", "updated_at") VALUES (?, ?, ?, ?)[0m  [["key", "environment"], ["value", "development"], ["created_at", "2020-08-08 13:23:54.847582"], ["updated_at", "2020-08-08 13:23:54.847582"]]
  ↳ /home/muhammed/.rvm/gems/ruby-2.4.1/bin/rake:23
  [1m[35m (165.0ms)[0m  [1m[36mcommit transaction[0m
  ↳ /home/muhammed/.rvm/gems/ruby-2.4.1/bin/rake:23
  [1m[35m (0.3ms)[0m  [1m[34mSELECT "schema_migrations"."version" FROM "schema_migrations" ORDER BY "schema_migrations"."version" ASC[0m
  ↳ /home/muhammed/.rvm/gems/ruby-2.4.1/bin/rake:23
Started GET "/" for ::1 at 2020-08-08 19:52:12 +0530
  [1m[35m (0.1ms)[0m  [1m[34mSELECT "schema_migrations"."version" FROM "schema_migrations" ORDER BY "schema_migrations"."version" ASC[0m
  ↳ /home/muhammed/.rvm/gems/ruby-2.4.1/gems/activerecord-5.2.4.3/lib/active_record/log_subscriber.rb:98
Processing by ArticlesController#index as HTML
  Rendering articles/index.html.erb within layouts/application
  Rendered articles/index.html.erb within layouts/application (0.3ms)
Completed 200 OK in 12ms (Views: 11.0ms | ActiveRecord: 0.0ms)


Started GET "/articles/new" for ::1 at 2020-08-08 19:52:15 +0530
Processing by ArticlesController#new as HTML
  Rendering articles/new.html.erb within layouts/application
  Rendered articles/new.html.erb within layouts/application (505.6ms)
Completed 200 OK in 562ms (Views: 533.9ms | ActiveRecord: 2.9ms)


Started POST "/articles" for ::1 at 2020-08-08 19:59:25 +0530
Processing by ArticlesController#create as HTML
  Parameters: {"utf8"=>"✓", "authenticity_token"=>"FvycRKKav1SjJ7p78t368pLDV2lV4ne9qRk92zB0j4TDLhn30EinbjfjzuxlUWowm2PIRU5m9dEphUjUIIbzgg==", "article"=>{"title"=>"My first Article", "body"=>"This is the content for first article"}, "commit"=>"Create Article"}
  [1m[35m (0.1ms)[0m  [1m[36mbegin transaction[0m
  ↳ app/controllers/articles_controller.rb:11
  [1m[36mArticle Create (0.3ms)[0m  [1m[32mINSERT INTO "articles" ("title", "body", "created_at", "updated_at") VALUES (?, ?, ?, ?)[0m  [["title", "My first Article"], ["body", "This is the content for first article"], ["created_at", "2020-08-08 14:29:25.622145"], ["updated_at", "2020-08-08 14:29:25.622145"]]
  ↳ app/controllers/articles_controller.rb:11
  [1m[35m (1898.8ms)[0m  [1m[36mcommit transaction[0m
  ↳ app/controllers/articles_controller.rb:11
Redirected to http://localhost:3000/articles
Completed 302 Found in 1912ms (ActiveRecord: 1899.7ms)


Started GET "/articles" for ::1 at 2020-08-08 19:59:27 +0530
Processing by ArticlesController#index as HTML
  Rendering articles/index.html.erb within layouts/application
  Rendered articles/index.html.erb within layouts/application (1.4ms)
Completed 200 OK in 29ms (Views: 26.4ms | ActiveRecord: 0.0ms)


